/Users/kyledoherty/.rvm/gems/ruby-2.1.2/gems/activerecord-4.1.4/lib/active_record/connection_adapters/connection_specification.rb:184:in `spec': database configuration does not specify adapter (ActiveRecord::AdapterNotSpecified)
	from /Users/kyledoherty/.rvm/gems/ruby-2.1.2/gems/activerecord-4.1.4/lib/active_record/connection_handling.rb:50:in `establish_connection'
	from /Users/kyledoherty/.rvm/gems/ruby-2.1.2/gems/activerecord-4.1.4/lib/active_record/railtie.rb:129:in `block (2 levels) in <class:Railtie>'
	from /Users/kyledoherty/.rvm/gems/ruby-2.1.2/gems/activesupport-4.1.4/lib/active_support/lazy_load_hooks.rb:38:in `instance_eval'
	from /Users/kyledoherty/.rvm/gems/ruby-2.1.2/gems/activesupport-4.1.4/lib/active_support/lazy_load_hooks.rb:38:in `execute_hook'
	from /Users/kyledoherty/.rvm/gems/ruby-2.1.2/gems/activesupport-4.1.4/lib/active_support/lazy_load_hooks.rb:28:in `block in on_load'
	from /Users/kyledoherty/.rvm/gems/ruby-2.1.2/gems/activesupport-4.1.4/lib/active_support/lazy_load_hooks.rb:27:in `each'
	from /Users/kyledoherty/.rvm/gems/ruby-2.1.2/gems/activesupport-4.1.4/lib/active_support/lazy_load_hooks.rb:27:in `on_load'
	from /Users/kyledoherty/.rvm/gems/ruby-2.1.2/gems/activerecord-4.1.4/lib/active_record/railtie.rb:118:in `block in <class:Railtie>'
	from /Users/kyledoherty/.rvm/gems/ruby-2.1.2/gems/railties-4.1.4/lib/rails/initializable.rb:30:in `instance_exec'
	from /Users/kyledoherty/.rvm/gems/ruby-2.1.2/gems/railties-4.1.4/lib/rails/initializable.rb:30:in `run'
	from /Users/kyledoherty/.rvm/gems/ruby-2.1.2/gems/railties-4.1.4/lib/rails/initializable.rb:55:in `block in run_initializers'
	from /Users/kyledoherty/.rvm/rubies/ruby-2.1.2/lib/ruby/2.1.0/tsort.rb:226:in `block in tsort_each'
	from /Users/kyledoherty/.rvm/rubies/ruby-2.1.2/lib/ruby/2.1.0/tsort.rb:348:in `block (2 levels) in each_strongly_connected_component'
	from /Users/kyledoherty/.rvm/rubies/ruby-2.1.2/lib/ruby/2.1.0/tsort.rb:427:in `each_strongly_connected_component_from'
	from /Users/kyledoherty/.rvm/rubies/ruby-2.1.2/lib/ruby/2.1.0/tsort.rb:347:in `block in each_strongly_connected_component'
	from /Users/kyledoherty/.rvm/rubies/ruby-2.1.2/lib/ruby/2.1.0/tsort.rb:345:in `each'
	from /Users/kyledoherty/.rvm/rubies/ruby-2.1.2/lib/ruby/2.1.0/tsort.rb:345:in `call'
	from /Users/kyledoherty/.rvm/rubies/ruby-2.1.2/lib/ruby/2.1.0/tsort.rb:345:in `each_strongly_connected_component'
	from /Users/kyledoherty/.rvm/rubies/ruby-2.1.2/lib/ruby/2.1.0/tsort.rb:224:in `tsort_each'
	from /Users/kyledoherty/.rvm/rubies/ruby-2.1.2/lib/ruby/2.1.0/tsort.rb:205:in `tsort_each'
	from /Users/kyledoherty/.rvm/gems/ruby-2.1.2/gems/railties-4.1.4/lib/rails/initializable.rb:54:in `run_initializers'
	from /Users/kyledoherty/.rvm/gems/ruby-2.1.2/gems/railties-4.1.4/lib/rails/application.rb:300:in `initialize!'
	from /Users/kyledoherty/Flatiron/weather-app/config/environment.rb:5:in `<top (required)>'
	from /Users/kyledoherty/.rvm/gems/ruby-2.1.2/gems/activesupport-4.1.4/lib/active_support/dependencies.rb:247:in `require'
	from /Users/kyledoherty/.rvm/gems/ruby-2.1.2/gems/activesupport-4.1.4/lib/active_support/dependencies.rb:247:in `block in require'
	from /Users/kyledoherty/.rvm/gems/ruby-2.1.2/gems/activesupport-4.1.4/lib/active_support/dependencies.rb:232:in `load_dependency'
	from /Users/kyledoherty/.rvm/gems/ruby-2.1.2/gems/activesupport-4.1.4/lib/active_support/dependencies.rb:247:in `require'
	from /Users/kyledoherty/.rvm/gems/ruby-2.1.2/gems/spring-1.1.3/lib/spring/application.rb:92:in `preload'
	from /Users/kyledoherty/.rvm/gems/ruby-2.1.2/gems/spring-1.1.3/lib/spring/application.rb:140:in `serve'
	from /Users/kyledoherty/.rvm/gems/ruby-2.1.2/gems/spring-1.1.3/lib/spring/application.rb:128:in `block in run'
	from /Users/kyledoherty/.rvm/gems/ruby-2.1.2/gems/spring-1.1.3/lib/spring/application.rb:122:in `loop'
	from /Users/kyledoherty/.rvm/gems/ruby-2.1.2/gems/spring-1.1.3/lib/spring/application.rb:122:in `run'
	from /Users/kyledoherty/.rvm/gems/ruby-2.1.2/gems/spring-1.1.3/lib/spring/application/boot.rb:18:in `<top (required)>'
	from /Users/kyledoherty/.rvm/rubies/ruby-2.1.2/lib/ruby/2.1.0/rubygems/core_ext/kernel_require.rb:55:in `require'
	from /Users/kyledoherty/.rvm/rubies/ruby-2.1.2/lib/ruby/2.1.0/rubygems/core_ext/kernel_require.rb:55:in `require'
	from -e:1:in `<main>'
/Users/kyledoherty/.rvm/gems/ruby-2.1.2/gems/activerecord-4.1.4/lib/active_record/connection_adapters/connection_specification.rb:184:in `spec': database configuration does not specify adapter (ActiveRecord::AdapterNotSpecified)
	from /Users/kyledoherty/.rvm/gems/ruby-2.1.2/gems/activerecord-4.1.4/lib/active_record/connection_handling.rb:50:in `establish_connection'
	from /Users/kyledoherty/.rvm/gems/ruby-2.1.2/gems/activerecord-4.1.4/lib/active_record/railtie.rb:129:in `block (2 levels) in <class:Railtie>'
	from /Users/kyledoherty/.rvm/gems/ruby-2.1.2/gems/activesupport-4.1.4/lib/active_support/lazy_load_hooks.rb:38:in `instance_eval'
	from /Users/kyledoherty/.rvm/gems/ruby-2.1.2/gems/activesupport-4.1.4/lib/active_support/lazy_load_hooks.rb:38:in `execute_hook'
	from /Users/kyledoherty/.rvm/gems/ruby-2.1.2/gems/activesupport-4.1.4/lib/active_support/lazy_load_hooks.rb:28:in `block in on_load'
	from /Users/kyledoherty/.rvm/gems/ruby-2.1.2/gems/activesupport-4.1.4/lib/active_support/lazy_load_hooks.rb:27:in `each'
	from /Users/kyledoherty/.rvm/gems/ruby-2.1.2/gems/activesupport-4.1.4/lib/active_support/lazy_load_hooks.rb:27:in `on_load'
	from /Users/kyledoherty/.rvm/gems/ruby-2.1.2/gems/activerecord-4.1.4/lib/active_record/railtie.rb:118:in `block in <class:Railtie>'
	from /Users/kyledoherty/.rvm/gems/ruby-2.1.2/gems/railties-4.1.4/lib/rails/initializable.rb:30:in `instance_exec'
	from /Users/kyledoherty/.rvm/gems/ruby-2.1.2/gems/railties-4.1.4/lib/rails/initializable.rb:30:in `run'
	from /Users/kyledoherty/.rvm/gems/ruby-2.1.2/gems/railties-4.1.4/lib/rails/initializable.rb:55:in `block in run_initializers'
	from /Users/kyledoherty/.rvm/rubies/ruby-2.1.2/lib/ruby/2.1.0/tsort.rb:226:in `block in tsort_each'
	from /Users/kyledoherty/.rvm/rubies/ruby-2.1.2/lib/ruby/2.1.0/tsort.rb:348:in `block (2 levels) in each_strongly_connected_component'
	from /Users/kyledoherty/.rvm/rubies/ruby-2.1.2/lib/ruby/2.1.0/tsort.rb:427:in `each_strongly_connected_component_from'
	from /Users/kyledoherty/.rvm/rubies/ruby-2.1.2/lib/ruby/2.1.0/tsort.rb:347:in `block in each_strongly_connected_component'
	from /Users/kyledoherty/.rvm/rubies/ruby-2.1.2/lib/ruby/2.1.0/tsort.rb:345:in `each'
	from /Users/kyledoherty/.rvm/rubies/ruby-2.1.2/lib/ruby/2.1.0/tsort.rb:345:in `call'
	from /Users/kyledoherty/.rvm/rubies/ruby-2.1.2/lib/ruby/2.1.0/tsort.rb:345:in `each_strongly_connected_component'
	from /Users/kyledoherty/.rvm/rubies/ruby-2.1.2/lib/ruby/2.1.0/tsort.rb:224:in `tsort_each'
	from /Users/kyledoherty/.rvm/rubies/ruby-2.1.2/lib/ruby/2.1.0/tsort.rb:205:in `tsort_each'
	from /Users/kyledoherty/.rvm/gems/ruby-2.1.2/gems/railties-4.1.4/lib/rails/initializable.rb:54:in `run_initializers'
	from /Users/kyledoherty/.rvm/gems/ruby-2.1.2/gems/railties-4.1.4/lib/rails/application.rb:300:in `initialize!'
	from /Users/kyledoherty/Flatiron/weather-app/config/environment.rb:5:in `<top (required)>'
	from /Users/kyledoherty/.rvm/gems/ruby-2.1.2/gems/activesupport-4.1.4/lib/active_support/dependencies.rb:247:in `require'
	from /Users/kyledoherty/.rvm/gems/ruby-2.1.2/gems/activesupport-4.1.4/lib/active_support/dependencies.rb:247:in `block in require'
	from /Users/kyledoherty/.rvm/gems/ruby-2.1.2/gems/activesupport-4.1.4/lib/active_support/dependencies.rb:232:in `load_dependency'
	from /Users/kyledoherty/.rvm/gems/ruby-2.1.2/gems/activesupport-4.1.4/lib/active_support/dependencies.rb:247:in `require'
	from /Users/kyledoherty/.rvm/gems/ruby-2.1.2/gems/spring-1.1.3/lib/spring/application.rb:92:in `preload'
	from /Users/kyledoherty/.rvm/gems/ruby-2.1.2/gems/spring-1.1.3/lib/spring/application.rb:140:in `serve'
	from /Users/kyledoherty/.rvm/gems/ruby-2.1.2/gems/spring-1.1.3/lib/spring/application.rb:128:in `block in run'
	from /Users/kyledoherty/.rvm/gems/ruby-2.1.2/gems/spring-1.1.3/lib/spring/application.rb:122:in `loop'
	from /Users/kyledoherty/.rvm/gems/ruby-2.1.2/gems/spring-1.1.3/lib/spring/application.rb:122:in `run'
	from /Users/kyledoherty/.rvm/gems/ruby-2.1.2/gems/spring-1.1.3/lib/spring/application/boot.rb:18:in `<top (required)>'
	from /Users/kyledoherty/.rvm/rubies/ruby-2.1.2/lib/ruby/2.1.0/rubygems/core_ext/kernel_require.rb:55:in `require'
	from /Users/kyledoherty/.rvm/rubies/ruby-2.1.2/lib/ruby/2.1.0/rubygems/core_ext/kernel_require.rb:55:in `require'
	from -e:1:in `<main>'
/Users/kyledoherty/.rvm/gems/ruby-2.1.2/gems/activerecord-4.1.4/lib/active_record/connection_adapters/connection_specification.rb:184:in `spec': database configuration does not specify adapter (ActiveRecord::AdapterNotSpecified)
	from /Users/kyledoherty/.rvm/gems/ruby-2.1.2/gems/activerecord-4.1.4/lib/active_record/connection_handling.rb:50:in `establish_connection'
	from /Users/kyledoherty/.rvm/gems/ruby-2.1.2/gems/activerecord-4.1.4/lib/active_record/railtie.rb:129:in `block (2 levels) in <class:Railtie>'
	from /Users/kyledoherty/.rvm/gems/ruby-2.1.2/gems/activesupport-4.1.4/lib/active_support/lazy_load_hooks.rb:38:in `instance_eval'
	from /Users/kyledoherty/.rvm/gems/ruby-2.1.2/gems/activesupport-4.1.4/lib/active_support/lazy_load_hooks.rb:38:in `execute_hook'
	from /Users/kyledoherty/.rvm/gems/ruby-2.1.2/gems/activesupport-4.1.4/lib/active_support/lazy_load_hooks.rb:28:in `block in on_load'
	from /Users/kyledoherty/.rvm/gems/ruby-2.1.2/gems/activesupport-4.1.4/lib/active_support/lazy_load_hooks.rb:27:in `each'
	from /Users/kyledoherty/.rvm/gems/ruby-2.1.2/gems/activesupport-4.1.4/lib/active_support/lazy_load_hooks.rb:27:in `on_load'
	from /Users/kyledoherty/.rvm/gems/ruby-2.1.2/gems/activerecord-4.1.4/lib/active_record/railtie.rb:118:in `block in <class:Railtie>'
	from /Users/kyledoherty/.rvm/gems/ruby-2.1.2/gems/railties-4.1.4/lib/rails/initializable.rb:30:in `instance_exec'
	from /Users/kyledoherty/.rvm/gems/ruby-2.1.2/gems/railties-4.1.4/lib/rails/initializable.rb:30:in `run'
	from /Users/kyledoherty/.rvm/gems/ruby-2.1.2/gems/railties-4.1.4/lib/rails/initializable.rb:55:in `block in run_initializers'
	from /Users/kyledoherty/.rvm/rubies/ruby-2.1.2/lib/ruby/2.1.0/tsort.rb:226:in `block in tsort_each'
	from /Users/kyledoherty/.rvm/rubies/ruby-2.1.2/lib/ruby/2.1.0/tsort.rb:348:in `block (2 levels) in each_strongly_connected_component'
	from /Users/kyledoherty/.rvm/rubies/ruby-2.1.2/lib/ruby/2.1.0/tsort.rb:427:in `each_strongly_connected_component_from'
	from /Users/kyledoherty/.rvm/rubies/ruby-2.1.2/lib/ruby/2.1.0/tsort.rb:347:in `block in each_strongly_connected_component'
	from /Users/kyledoherty/.rvm/rubies/ruby-2.1.2/lib/ruby/2.1.0/tsort.rb:345:in `each'
	from /Users/kyledoherty/.rvm/rubies/ruby-2.1.2/lib/ruby/2.1.0/tsort.rb:345:in `call'
	from /Users/kyledoherty/.rvm/rubies/ruby-2.1.2/lib/ruby/2.1.0/tsort.rb:345:in `each_strongly_connected_component'
	from /Users/kyledoherty/.rvm/rubies/ruby-2.1.2/lib/ruby/2.1.0/tsort.rb:224:in `tsort_each'
	from /Users/kyledoherty/.rvm/rubies/ruby-2.1.2/lib/ruby/2.1.0/tsort.rb:205:in `tsort_each'
	from /Users/kyledoherty/.rvm/gems/ruby-2.1.2/gems/railties-4.1.4/lib/rails/initializable.rb:54:in `run_initializers'
	from /Users/kyledoherty/.rvm/gems/ruby-2.1.2/gems/railties-4.1.4/lib/rails/application.rb:300:in `initialize!'
	from /Users/kyledoherty/Flatiron/weather-app/config/environment.rb:5:in `<top (required)>'
	from /Users/kyledoherty/.rvm/gems/ruby-2.1.2/gems/activesupport-4.1.4/lib/active_support/dependencies.rb:247:in `require'
	from /Users/kyledoherty/.rvm/gems/ruby-2.1.2/gems/activesupport-4.1.4/lib/active_support/dependencies.rb:247:in `block in require'
	from /Users/kyledoherty/.rvm/gems/ruby-2.1.2/gems/activesupport-4.1.4/lib/active_support/dependencies.rb:232:in `load_dependency'
	from /Users/kyledoherty/.rvm/gems/ruby-2.1.2/gems/activesupport-4.1.4/lib/active_support/dependencies.rb:247:in `require'
	from /Users/kyledoherty/.rvm/gems/ruby-2.1.2/gems/spring-1.1.3/lib/spring/application.rb:92:in `preload'
	from /Users/kyledoherty/.rvm/gems/ruby-2.1.2/gems/spring-1.1.3/lib/spring/application.rb:140:in `serve'
	from /Users/kyledoherty/.rvm/gems/ruby-2.1.2/gems/spring-1.1.3/lib/spring/application.rb:128:in `block in run'
	from /Users/kyledoherty/.rvm/gems/ruby-2.1.2/gems/spring-1.1.3/lib/spring/application.rb:122:in `loop'
	from /Users/kyledoherty/.rvm/gems/ruby-2.1.2/gems/spring-1.1.3/lib/spring/application.rb:122:in `run'
	from /Users/kyledoherty/.rvm/gems/ruby-2.1.2/gems/spring-1.1.3/lib/spring/application/boot.rb:18:in `<top (required)>'
	from /Users/kyledoherty/.rvm/rubies/ruby-2.1.2/lib/ruby/2.1.0/rubygems/core_ext/kernel_require.rb:55:in `require'
	from /Users/kyledoherty/.rvm/rubies/ruby-2.1.2/lib/ruby/2.1.0/rubygems/core_ext/kernel_require.rb:55:in `require'
	from -e:1:in `<main>'
/Users/kyledoherty/.rvm/gems/ruby-2.1.2/gems/activerecord-4.1.4/lib/active_record/connection_adapters/connection_specification.rb:184:in `spec': database configuration does not specify adapter (ActiveRecord::AdapterNotSpecified)
	from /Users/kyledoherty/.rvm/gems/ruby-2.1.2/gems/activerecord-4.1.4/lib/active_record/connection_handling.rb:50:in `establish_connection'
	from /Users/kyledoherty/.rvm/gems/ruby-2.1.2/gems/activerecord-4.1.4/lib/active_record/railtie.rb:129:in `block (2 levels) in <class:Railtie>'
	from /Users/kyledoherty/.rvm/gems/ruby-2.1.2/gems/activesupport-4.1.4/lib/active_support/lazy_load_hooks.rb:38:in `instance_eval'
	from /Users/kyledoherty/.rvm/gems/ruby-2.1.2/gems/activesupport-4.1.4/lib/active_support/lazy_load_hooks.rb:38:in `execute_hook'
	from /Users/kyledoherty/.rvm/gems/ruby-2.1.2/gems/activesupport-4.1.4/lib/active_support/lazy_load_hooks.rb:28:in `block in on_load'
	from /Users/kyledoherty/.rvm/gems/ruby-2.1.2/gems/activesupport-4.1.4/lib/active_support/lazy_load_hooks.rb:27:in `each'
	from /Users/kyledoherty/.rvm/gems/ruby-2.1.2/gems/activesupport-4.1.4/lib/active_support/lazy_load_hooks.rb:27:in `on_load'
	from /Users/kyledoherty/.rvm/gems/ruby-2.1.2/gems/activerecord-4.1.4/lib/active_record/railtie.rb:118:in `block in <class:Railtie>'
	from /Users/kyledoherty/.rvm/gems/ruby-2.1.2/gems/railties-4.1.4/lib/rails/initializable.rb:30:in `instance_exec'
	from /Users/kyledoherty/.rvm/gems/ruby-2.1.2/gems/railties-4.1.4/lib/rails/initializable.rb:30:in `run'
	from /Users/kyledoherty/.rvm/gems/ruby-2.1.2/gems/railties-4.1.4/lib/rails/initializable.rb:55:in `block in run_initializers'
	from /Users/kyledoherty/.rvm/rubies/ruby-2.1.2/lib/ruby/2.1.0/tsort.rb:226:in `block in tsort_each'
	from /Users/kyledoherty/.rvm/rubies/ruby-2.1.2/lib/ruby/2.1.0/tsort.rb:348:in `block (2 levels) in each_strongly_connected_component'
	from /Users/kyledoherty/.rvm/rubies/ruby-2.1.2/lib/ruby/2.1.0/tsort.rb:427:in `each_strongly_connected_component_from'
	from /Users/kyledoherty/.rvm/rubies/ruby-2.1.2/lib/ruby/2.1.0/tsort.rb:347:in `block in each_strongly_connected_component'
	from /Users/kyledoherty/.rvm/rubies/ruby-2.1.2/lib/ruby/2.1.0/tsort.rb:345:in `each'
	from /Users/kyledoherty/.rvm/rubies/ruby-2.1.2/lib/ruby/2.1.0/tsort.rb:345:in `call'
	from /Users/kyledoherty/.rvm/rubies/ruby-2.1.2/lib/ruby/2.1.0/tsort.rb:345:in `each_strongly_connected_component'
	from /Users/kyledoherty/.rvm/rubies/ruby-2.1.2/lib/ruby/2.1.0/tsort.rb:224:in `tsort_each'
	from /Users/kyledoherty/.rvm/rubies/ruby-2.1.2/lib/ruby/2.1.0/tsort.rb:205:in `tsort_each'
	from /Users/kyledoherty/.rvm/gems/ruby-2.1.2/gems/railties-4.1.4/lib/rails/initializable.rb:54:in `run_initializers'
	from /Users/kyledoherty/.rvm/gems/ruby-2.1.2/gems/railties-4.1.4/lib/rails/application.rb:300:in `initialize!'
	from /Users/kyledoherty/Flatiron/weather-app/config/environment.rb:5:in `<top (required)>'
	from /Users/kyledoherty/.rvm/gems/ruby-2.1.2/gems/activesupport-4.1.4/lib/active_support/dependencies.rb:247:in `require'
	from /Users/kyledoherty/.rvm/gems/ruby-2.1.2/gems/activesupport-4.1.4/lib/active_support/dependencies.rb:247:in `block in require'
	from /Users/kyledoherty/.rvm/gems/ruby-2.1.2/gems/activesupport-4.1.4/lib/active_support/dependencies.rb:232:in `load_dependency'
	from /Users/kyledoherty/.rvm/gems/ruby-2.1.2/gems/activesupport-4.1.4/lib/active_support/dependencies.rb:247:in `require'
	from /Users/kyledoherty/.rvm/gems/ruby-2.1.2/gems/spring-1.1.3/lib/spring/application.rb:92:in `preload'
	from /Users/kyledoherty/.rvm/gems/ruby-2.1.2/gems/spring-1.1.3/lib/spring/application.rb:140:in `serve'
	from /Users/kyledoherty/.rvm/gems/ruby-2.1.2/gems/spring-1.1.3/lib/spring/application.rb:128:in `block in run'
	from /Users/kyledoherty/.rvm/gems/ruby-2.1.2/gems/spring-1.1.3/lib/spring/application.rb:122:in `loop'
	from /Users/kyledoherty/.rvm/gems/ruby-2.1.2/gems/spring-1.1.3/lib/spring/application.rb:122:in `run'
	from /Users/kyledoherty/.rvm/gems/ruby-2.1.2/gems/spring-1.1.3/lib/spring/application/boot.rb:18:in `<top (required)>'
	from /Users/kyledoherty/.rvm/rubies/ruby-2.1.2/lib/ruby/2.1.0/rubygems/core_ext/kernel_require.rb:55:in `require'
	from /Users/kyledoherty/.rvm/rubies/ruby-2.1.2/lib/ruby/2.1.0/rubygems/core_ext/kernel_require.rb:55:in `require'
	from -e:1:in `<main>'
